[debug] [2017-12-21T14:35:23.379Z] ----------------------------------------------------------------------
[debug] [2017-12-21T14:35:23.381Z] Command:       /Users/cyprien/.nodenv/versions/6.11.5/bin/node /Users/cyprien/.nodenv/versions/6.11.5/bin/firebase serve --only functions
[debug] [2017-12-21T14:35:23.382Z] CLI Version:   3.16.0
[debug] [2017-12-21T14:35:23.382Z] Platform:      darwin
[debug] [2017-12-21T14:35:23.382Z] Node Version:  v6.11.5
[debug] [2017-12-21T14:35:23.382Z] Time:          Thu Dec 21 2017 15:35:23 GMT+0100 (CET)
[debug] [2017-12-21T14:35:23.382Z] ----------------------------------------------------------------------
[debug] 
[debug] [2017-12-21T14:35:23.394Z] > command requires scopes: ["email","openid","https://www.googleapis.com/auth/cloudplatformprojects.readonly","https://www.googleapis.com/auth/firebase","https://www.googleapis.com/auth/cloud-platform"]
[debug] [2017-12-21T14:35:23.394Z] > authorizing via signed-in user
[debug] [2017-12-21T14:35:23.396Z] >>> HTTP REQUEST GET https://admin.firebase.com/v1/projects/granatovaya-prod  
  
 Thu Dec 21 2017 15:35:23 GMT+0100 (CET)
[debug] [2017-12-21T14:35:24.139Z] <<< HTTP RESPONSE 200
[debug] [2017-12-21T14:35:24.140Z] >>> HTTP REQUEST GET https://admin.firebase.com/v1/database/granatovaya-prod/tokens  
  
 Thu Dec 21 2017 15:35:24 GMT+0100 (CET)
[debug] [2017-12-21T14:35:24.847Z] <<< HTTP RESPONSE 200
[info] 
[info] === Serving from '/Users/cyprien/Documents/Projects/GROUPE POISSON/granatovaya'...
[info] 
[info] i  functions: Preparing to emulate functions.
[debug] [2017-12-21T14:35:25.369Z] >>> HTTP REQUEST GET https://appengine.googleapis.com/v1/apps/granatovaya-prod  
  
 Thu Dec 21 2017 15:35:25 GMT+0100 (CET)
[debug] [2017-12-21T14:35:25.370Z] >>> HTTP REQUEST GET https://apikeys.googleapis.com/v1/projects/granatovaya-prod/apiKeys  
  
 Thu Dec 21 2017 15:35:25 GMT+0100 (CET)
[debug] [2017-12-21T14:35:26.288Z] <<< HTTP RESPONSE 200
[debug] [2017-12-21T14:35:26.368Z] <<< HTTP RESPONSE 200
[info] ✔  functions: updateSite: http://localhost:5000/granatovaya-prod/us-central1/updateSite
